This is pdfTeX, Version 3.14159265-2.6-1.40.21 (TeX Live 2020/Arch Linux) (preloaded format=pdflatex 2021.1.5)  20 JAN 2021 08:05
entering extended mode
 restricted \write18 enabled.
 %&-line parsing enabled.
**refman
(./refman.tex
LaTeX2e <2020-10-01> patch level 2
L3 programming layer <2020-12-03> xparse <2020-03-03>
(/usr/share/texmf-dist/tex/latex/base/book.cls
Document Class: book 2020/04/10 v1.4m Standard LaTeX document class
(/usr/share/texmf-dist/tex/latex/base/bk10.clo
File: bk10.clo 2020/04/10 v1.4m Standard LaTeX file (size option)
)
\c@part=\count177
\c@chapter=\count178
\c@section=\count179
\c@subsection=\count180
\c@subsubsection=\count181
\c@paragraph=\count182
\c@subparagraph=\count183
\c@figure=\count184
\c@table=\count185
\abovecaptionskip=\skip47
\belowcaptionskip=\skip48
\bibindent=\dimen138
)
(/usr/share/texmf-dist/tex/latex/base/ifthen.sty
Package: ifthen 2014/09/29 v1.1c Standard LaTeX ifthen package (DPC)
)
(/usr/share/texmf-dist/tex/latex/tools/array.sty
Rollback for package 'array' requested -> date 2016-10-06.
         Best approximation is the release introduced on 2016-10-06.

(/usr/share/texmf-dist/tex/latex/tools/array-2016-10-06.sty
Package: array 2016/10/06 v2.4d Tabular extension package (FMi)
\col@sep=\dimen139
\extrarowheight=\dimen140
\NC@list=\toks15
\extratabsurround=\skip49
\backup@length=\skip50
))
(/usr/share/texmf-dist/tex/latex/base/fixltx2e.sty
Package: fixltx2e 2016/12/29 v2.1a fixes to LaTeX (obsolete)
Applying: [2015/01/01] Old fixltx2e package on input line 46.


Package fixltx2e Warning: fixltx2e is not required with releases after 2015
(fixltx2e)                All fixes are now in the LaTeX kernel.
(fixltx2e)                See the latexrelease package for details.

Already applied: [0000/00/00] Old fixltx2e package on input line 53.
) (/usr/share/texmf-dist/tex/latex/tools/calc.sty
Package: calc 2017/05/25 v4.3 Infix arithmetic (KKT,FJ)
\calc@Acount=\count186
\calc@Bcount=\count187
\calc@Adimen=\dimen141
\calc@Bdimen=\dimen142
\calc@Askip=\skip51
\calc@Bskip=\skip52
LaTeX Info: Redefining \setlength on input line 80.
LaTeX Info: Redefining \addtolength on input line 81.
\calc@Ccount=\count188
\calc@Cskip=\skip53
) (./doxygen.sty
Package: doxygen 

(/usr/share/texmf-dist/tex/latex/base/alltt.sty
Package: alltt 1997/06/16 v2.0g defines alltt environment
)
(/usr/share/texmf-dist/tex/latex/float/float.sty
Package: float 2001/11/08 v1.3d Float enhancements (AL)
\c@float@type=\count189
\float@exts=\toks16
\float@box=\box47
\@float@everytoks=\toks17
\@floatcapt=\box48
)
(/usr/share/texmf-dist/tex/latex/tools/verbatim.sty
Package: verbatim 2020-07-07 v1.5u LaTeX2e package for verbatim enhancements
\every@verbatim=\toks18
\verbatim@line=\toks19
\verbatim@in@stream=\read2
)
(/usr/share/texmf-dist/tex/latex/xcolor/xcolor.sty
Package: xcolor 2016/05/11 v2.12 LaTeX color extensions (UK)

(/usr/share/texmf-dist/tex/latex/graphics-cfg/color.cfg
File: color.cfg 2016/01/02 v1.6 sample color configuration
)
Package xcolor Info: Driver file: pdftex.def on input line 225.

(/usr/share/texmf-dist/tex/latex/graphics-def/pdftex.def
File: pdftex.def 2020/10/05 v1.2a Graphics/color driver for pdftex
)
(/usr/share/texmf-dist/tex/latex/colortbl/colortbl.sty
Package: colortbl 2020/01/04 v1.0e Color table columns (DPC)
\everycr=\toks20
\minrowclearance=\skip54
)
\rownum=\count190
Package xcolor Info: Model `cmy' substituted by `cmy0' on input line 1348.
Package xcolor Info: Model `hsb' substituted by `rgb' on input line 1352.
Package xcolor Info: Model `RGB' extended on input line 1364.
Package xcolor Info: Model `HTML' substituted by `rgb' on input line 1366.
Package xcolor Info: Model `Hsb' substituted by `hsb' on input line 1367.
Package xcolor Info: Model `tHsb' substituted by `hsb' on input line 1368.
Package xcolor Info: Model `HSB' substituted by `hsb' on input line 1369.
Package xcolor Info: Model `Gray' substituted by `gray' on input line 1370.
Package xcolor Info: Model `wave' substituted by `hsb' on input line 1371.
)
(./longtable_doxygen.sty
Package: longtable_doxygen 2014/10/28 v4.11 Multi-page Table package (DPC) - fr
ozen version for doxygen
\LTleft=\skip55
\LTright=\skip56
\LTpre=\skip57
\LTpost=\skip58
\LTchunksize=\count191
\LTcapwidth=\dimen143
\LT@head=\box49
\LT@firsthead=\box50
\LT@foot=\box51
\LT@lastfoot=\box52
\LT@cols=\count192
\LT@rows=\count193
\c@LT@tables=\count194
\c@LT@chunks=\count195
\LT@p@ftn=\toks21
) (./tabu_doxygen.sty
Package: tabu_doxygen 2011/02/26 v2.8 - flexible LaTeX tabulars (FC), frozen ve
rsion for doxygen

(/usr/share/texmf-dist/tex/latex/varwidth/varwidth.sty
Package: varwidth 2009/03/30 ver 0.92;  Variable-width minipages
\@vwid@box=\box53
\sift@deathcycles=\count196
\@vwid@loff=\dimen144
\@vwid@roff=\dimen145
)
\c@taburow=\count197
\tabu@nbcols=\count198
\tabu@cnt=\count199
\tabu@Xcol=\count266
\tabu@alloc=\count267
\tabu@nested=\count268
\tabu@target=\dimen146
\tabu@spreadtarget=\dimen147
\tabu@naturalX=\dimen148
\tabucolX=\dimen149
\tabu@Xsum=\dimen150
\extrarowdepth=\dimen151
\abovetabulinesep=\dimen152
\belowtabulinesep=\dimen153
\tabustrutrule=\dimen154
\tabu@thebody=\toks22
\tabu@footnotes=\toks23
\tabu@box=\box54
\tabu@arstrutbox=\box55
\tabu@hleads=\box56
\tabu@vleads=\box57
\tabu@cellskip=\skip59
)
(/usr/share/texmf-dist/tex/latex/fancyvrb/fancyvrb.sty
Package: fancyvrb 2020/05/03 v3.6 verbatim text (tvz,hv)

(/usr/share/texmf-dist/tex/latex/graphics/keyval.sty
Package: keyval 2014/10/28 v1.15 key=value parser (DPC)
\KV@toks@=\toks24
)
\FV@CodeLineNo=\count269
\FV@InFile=\read3
\FV@TabBox=\box58
\c@FancyVerbLine=\count270
\FV@StepNumber=\count271
\FV@OutFile=\write3
)
(/usr/share/texmf-dist/tex/latex/tools/tabularx.sty
Package: tabularx 2020/01/15 v2.11c `tabularx' package (DPC)
\TX@col@width=\dimen155
\TX@old@table=\dimen156
\TX@old@col=\dimen157
\TX@target=\dimen158
\TX@delta=\dimen159
\TX@cols=\count272
\TX@ftn=\toks25
)
(/usr/share/texmf-dist/tex/latex/multirow/multirow.sty
Package: multirow 2019/05/31 v2.5 Span multiple rows of a table
\multirow@colwidth=\skip60
\multirow@cntb=\count273
\multirow@dima=\skip61
\bigstrutjot=\dimen160
)
(/usr/share/texmf-dist/tex/latex/hanging/hanging.sty
Package: hanging 2009/09/02 v1.2b hanging paragraphs and punctuation
\h@ngcommawd=\skip62
\h@ngfstopwd=\skip63
\h@ngquotewd=\skip64
\h@ngdquotewd=\skip65
\h@ngquerywd=\skip66
\h@ngexclwd=\skip67
\h@ngcolonwd=\skip68
\h@ngscolonwd=\skip69
)
(/usr/share/texmf-dist/tex/generic/iftex/ifpdf.sty
Package: ifpdf 2019/10/25 v3.4 ifpdf legacy package. Use iftex instead.

(/usr/share/texmf-dist/tex/generic/iftex/iftex.sty
Package: iftex 2020/03/06 v1.0d TeX engine tests
))
(/usr/share/texmf-dist/tex/latex/adjustbox/adjustbox.sty
Package: adjustbox 2020/08/19 v1.3 Adjusting TeX boxes (trim, clip, ...)

(/usr/share/texmf-dist/tex/latex/xkeyval/xkeyval.sty
Package: xkeyval 2020/11/20 v2.8 package option processing (HA)

(/usr/share/texmf-dist/tex/generic/xkeyval/xkeyval.tex
(/usr/share/texmf-dist/tex/generic/xkeyval/xkvutils.tex
\XKV@toks=\toks26
\XKV@tempa@toks=\toks27
)
\XKV@depth=\count274
File: xkeyval.tex 2014/12/03 v2.7a key=value parser (HA)
))
(/usr/share/texmf-dist/tex/latex/adjustbox/adjcalc.sty
Package: adjcalc 2012/05/16 v1.1 Provides advanced setlength with multiple back
-ends (calc, etex, pgfmath)
)
(/usr/share/texmf-dist/tex/latex/adjustbox/trimclip.sty
Package: trimclip 2020/08/19 v1.2 Trim and clip general TeX material

(/usr/share/texmf-dist/tex/latex/graphics/graphicx.sty
Package: graphicx 2020/09/09 v1.2b Enhanced LaTeX Graphics (DPC,SPQR)

(/usr/share/texmf-dist/tex/latex/graphics/graphics.sty
Package: graphics 2020/08/30 v1.4c Standard LaTeX Graphics (DPC,SPQR)

(/usr/share/texmf-dist/tex/latex/graphics/trig.sty
Package: trig 2016/01/03 v1.10 sin cos tan (DPC)
)
(/usr/share/texmf-dist/tex/latex/graphics-cfg/graphics.cfg
File: graphics.cfg 2016/06/04 v1.11 sample graphics configuration
)
Package graphics Info: Driver file: pdftex.def on input line 105.
)
\Gin@req@height=\dimen161
\Gin@req@width=\dimen162
)
(/usr/share/texmf-dist/tex/latex/collectbox/collectbox.sty
Package: collectbox 2012/05/17 v0.4b Collect macro arguments as boxes
\collectedbox=\box59
)
\tc@llx=\dimen163
\tc@lly=\dimen164
\tc@urx=\dimen165
\tc@ury=\dimen166
Package trimclip Info: Using driver 'tc-pdftex.def'.

(/usr/share/texmf-dist/tex/latex/adjustbox/tc-pdftex.def
File: tc-pdftex.def 2019/01/04 v2.2 Clipping driver for pdftex
))
\adjbox@Width=\dimen167
\adjbox@Height=\dimen168
\adjbox@Depth=\dimen169
\adjbox@Totalheight=\dimen170
\adjbox@pwidth=\dimen171
\adjbox@pheight=\dimen172
\adjbox@pdepth=\dimen173
\adjbox@ptotalheight=\dimen174

(/usr/share/texmf-dist/tex/latex/ifoddpage/ifoddpage.sty
Package: ifoddpage 2016/04/23 v1.1 Conditionals for odd/even page detection
\c@checkoddpage=\count275
))
(/usr/share/texmf-dist/tex/latex/amsfonts/amssymb.sty
Package: amssymb 2013/01/14 v3.01 AMS font symbols

(/usr/share/texmf-dist/tex/latex/amsfonts/amsfonts.sty
Package: amsfonts 2013/01/14 v3.01 Basic AMSFonts support
\@emptytoks=\toks28
\symAMSa=\mathgroup4
\symAMSb=\mathgroup5
LaTeX Font Info:    Redeclaring math symbol \hbar on input line 98.
LaTeX Font Info:    Overwriting math alphabet `\mathfrak' in version `bold'
(Font)                  U/euf/m/n --> U/euf/b/n on input line 106.
))
(/usr/share/texmf-dist/tex/latex/stackengine/stackengine.sty
Package: stackengine 2017/02/13 v4.01\ Stacking text and objects in convenient 
ways

(/usr/share/texmf-dist/tex/latex/etoolbox/etoolbox.sty
Package: etoolbox 2020/10/05 v2.5k e-TeX tools for LaTeX (JAW)
\etb@tempcnta=\count276
)
(/usr/share/texmf-dist/tex/generic/listofitems/listofitems.sty
(/usr/share/texmf-dist/tex/generic/listofitems/listofitems.tex
\loi_cnt_foreach_nest=\count277
\loi_nestcnt=\count278
)
Package: listofitems 2019/08/21 v1.63 Grab items in lists using user-specified 
sep char (CT)
)
\c@@stackindex=\count279
\@boxshift=\skip70
\stack@tmplength=\skip71
\temp@stkl=\skip72
\@stackedboxwidth=\skip73
\@addedbox=\box60
\@anchorbox=\box61
\stackedbox=\box62
\@centerbox=\box63
\c@ROWcellindex@=\count280
)
(/usr/share/texmf-dist/tex/generic/ulem/ulem.sty
\UL@box=\box64
\UL@hyphenbox=\box65
\UL@skip=\skip74
\UL@hook=\toks29
\UL@height=\dimen175
\UL@pe=\count281
\UL@pixel=\dimen176
\ULC@box=\box66
Package: ulem 2019/11/18
\ULdepth=\dimen177
)
\xrefbox=\box67
\xreflength=\skip75
\CodeWidthChar=\skip76
\CodeHeightChar=\skip77
\DoxyCodeWidth=\skip78
)
(/usr/share/texmf-dist/tex/latex/base/inputenc.sty
Package: inputenc 2020/08/01 v1.3d Input encoding file
\inpenc@prehook=\toks30
\inpenc@posthook=\toks31
)
(/usr/share/texmf-dist/tex/latex/base/makeidx.sty
Package: makeidx 2014/09/29 v1.0m Standard LaTeX package
)
(/usr/share/texmf-dist/tex/latex/tools/multicol.sty
Package: multicol 2019/12/09 v1.8y multicolumn formatting (FMi)
\c@tracingmulticols=\count282
\mult@box=\box68
\multicol@leftmargin=\dimen178
\c@unbalance=\count283
\c@collectmore=\count284
\doublecol@number=\count285
\multicoltolerance=\count286
\multicolpretolerance=\count287
\full@width=\dimen179
\page@free=\dimen180
\premulticols=\dimen181
\postmulticols=\dimen182
\multicolsep=\skip79
\multicolbaselineskip=\skip80
\partial@page=\box69
\last@line=\box70
\maxbalancingoverflow=\dimen183
\mult@rightbox=\box71
\mult@grightbox=\box72
\mult@gfirstbox=\box73
\mult@firstbox=\box74
\@tempa=\box75
\@tempa=\box76
\@tempa=\box77
\@tempa=\box78
\@tempa=\box79
\@tempa=\box80
\@tempa=\box81
\@tempa=\box82
\@tempa=\box83
\@tempa=\box84
\@tempa=\box85
\@tempa=\box86
\@tempa=\box87
\@tempa=\box88
\@tempa=\box89
\@tempa=\box90
\@tempa=\box91
\@tempa=\box92
\@tempa=\box93
\@tempa=\box94
\@tempa=\box95
\@tempa=\box96
\@tempa=\box97
\@tempa=\box98
\@tempa=\box99
\@tempa=\box100
\@tempa=\box101
\@tempa=\box102
\@tempa=\box103
\@tempa=\box104
\@tempa=\box105
\@tempa=\box106
\@tempa=\box107
\@tempa=\box108
\@tempa=\box109
\@tempa=\box110
\@tempa=\box111
\c@minrows=\count288
\c@columnbadness=\count289
\c@finalcolumnbadness=\count290
\last@try=\dimen184
\multicolovershoot=\dimen185
\multicolundershoot=\dimen186
\mult@nat@firstbox=\box112
\colbreak@box=\box113
\mc@col@check@num=\count291
)
(/usr/share/texmf-dist/tex/latex/base/textcomp.sty
Package: textcomp 2020/02/02 v2.0n Standard LaTeX package
)
(/usr/share/texmf-dist/tex/latex/wasysym/wasysym.sty
Package: wasysym 2020/01/19 v2.4 Wasy-2 symbol support package
\symwasy=\mathgroup6
LaTeX Font Info:    Overwriting symbol font `wasy' in version `bold'
(Font)                  U/wasy/m/n --> U/wasy/b/n on input line 93.
)
(/usr/share/texmf-dist/tex/generic/iftex/ifxetex.sty
Package: ifxetex 2019/10/25 v0.7 ifxetex legacy package. Use iftex instead.
)
(/usr/share/texmf-dist/tex/latex/base/fontenc.sty
Package: fontenc 2020/08/10 v2.0s Standard LaTeX package
)
(/usr/share/texmf-dist/tex/latex/psnfss/helvet.sty
Package: helvet 2020/03/25 PSNFSS-v9.3 (WaS) 
)
(/usr/share/texmf-dist/tex/latex/psnfss/courier.sty
Package: courier 2020/03/25 PSNFSS-v9.3 (WaS) 
)
(/usr/share/texmf-dist/tex/latex/sectsty/sectsty.sty
Package: sectsty 2002/02/25 v2.0.2 Commands to change all sectional heading sty
les


LaTeX Warning: Command \underbar  has changed.
               Check if current package is valid.


LaTeX Warning: Command \underline  has changed.
               Check if current package is valid.

) (/usr/share/texmf-dist/tex/latex/geometry/geometry.sty
Package: geometry 2020/01/02 v5.9 Page Geometry

(/usr/share/texmf-dist/tex/generic/iftex/ifvtex.sty
Package: ifvtex 2019/10/25 v1.7 ifvtex legacy package. Use iftex instead.
)
\Gm@cnth=\count292
\Gm@cntv=\count293
\c@Gm@tempcnt=\count294
\Gm@bindingoffset=\dimen187
\Gm@wd@mp=\dimen188
\Gm@odd@mp=\dimen189
\Gm@even@mp=\dimen190
\Gm@layoutwidth=\dimen191
\Gm@layoutheight=\dimen192
\Gm@layouthoffset=\dimen193
\Gm@layoutvoffset=\dimen194
\Gm@dimlist=\toks32
)
(/usr/share/texmf-dist/tex/latex/fancyhdr/fancyhdr.sty
Package: fancyhdr 2019/01/31 v3.10 Extensive control of page headers and footer
s
\f@nch@headwidth=\skip81
\f@nch@O@elh=\skip82
\f@nch@O@erh=\skip83
\f@nch@O@olh=\skip84
\f@nch@O@orh=\skip85
\f@nch@O@elf=\skip86
\f@nch@O@erf=\skip87
\f@nch@O@olf=\skip88
\f@nch@O@orf=\skip89
)
(/usr/share/texmf-dist/tex/latex/natbib/natbib.sty
Package: natbib 2010/09/13 8.31b (PWD, AO)
\bibhang=\skip90
\bibsep=\skip91
LaTeX Info: Redefining \cite on input line 694.
\c@NAT@ctr=\count295
)
(/usr/share/texmf-dist/tex/latex/tocloft/tocloft.sty
Package: tocloft 2017/08/31 v2.3i parameterised ToC, etc., typesetting
Package tocloft Info: The document has chapter divisions on input line 51.
\cftparskip=\skip92
\cftbeforetoctitleskip=\skip93
\cftaftertoctitleskip=\skip94
\cftbeforepartskip=\skip95
\cftpartnumwidth=\skip96
\cftpartindent=\skip97
\cftbeforechapskip=\skip98
\cftchapindent=\skip99
\cftchapnumwidth=\skip100
\cftbeforesecskip=\skip101
\cftsecindent=\skip102
\cftsecnumwidth=\skip103
\cftbeforesubsecskip=\skip104
\cftsubsecindent=\skip105
\cftsubsecnumwidth=\skip106
\cftbeforesubsubsecskip=\skip107
\cftsubsubsecindent=\skip108
\cftsubsubsecnumwidth=\skip109
\cftbeforeparaskip=\skip110
\cftparaindent=\skip111
\cftparanumwidth=\skip112
\cftbeforesubparaskip=\skip113
\cftsubparaindent=\skip114
\cftsubparanumwidth=\skip115
\cftbeforeloftitleskip=\skip116
\cftafterloftitleskip=\skip117
\cftbeforefigskip=\skip118
\cftfigindent=\skip119
\cftfignumwidth=\skip120
\c@lofdepth=\count296
\c@lotdepth=\count297
\cftbeforelottitleskip=\skip121
\cftafterlottitleskip=\skip122
\cftbeforetabskip=\skip123
\cfttabindent=\skip124
\cfttabnumwidth=\skip125
)
\@indexfile=\write4

Writing index file refman.idx
(/usr/share/texmf-dist/tex/latex/svg/svg.sty
Package: svg 2020/11/26 v2.02k (include SVG pictures)

(/usr/share/texmf-dist/tex/latex/koma-script/scrbase.sty
Package: scrbase 2020/09/21 v3.32 KOMA-Script package (KOMA-Script-independent 
basics and keyval usage)

(/usr/share/texmf-dist/tex/latex/koma-script/scrlfile.sty
Package: scrlfile 2020/09/21 v3.32 KOMA-Script package (file load hooks)

(/usr/share/texmf-dist/tex/latex/koma-script/scrlfile-hook.sty
Package: scrlfile-hook 2020/09/21 v3.32 KOMA-Script package (using LaTeX hooks)


LaTeX3 Info: Defining command \BeforeFile with sig. 'm' on line 61.


LaTeX3 Info: Defining command \AfterFile with sig. 'm' on line 65.


LaTeX3 Info: Defining command \BeforeClass with sig. 'm' on line 69.


LaTeX3 Info: Defining command \BeforePackage with sig. 'm' on line 73.


LaTeX3 Info: Defining command \AfterAtEndOfClass with sig. 'smo+m' on line 83.


LaTeX3 Info: Defining command \AfterAtEndOfPackage with sig. 'smo+m' on line
(LaTeX3)     93.


LaTeX3 Info: Defining command \scrlfile@AfterClass with sig. 'smo+m' on line
(LaTeX3)     173.


LaTeX3 Info: Defining command \AfterClass with sig. '' on line 174.


LaTeX3 Info: Defining command \scrlfile@AfterPackage with sig. 'smo+m' on line
(LaTeX3)     191.


LaTeX3 Info: Defining command \AfterPackage with sig. '' on line 192.


LaTeX3 Info: Defining command \ReplaceInput with sig. '' on line 193.


LaTeX3 Info: Defining command \ReplaceClass with sig. 'mm' on line 196.


LaTeX3 Info: Defining command \ReplacePackage with sig. 'mm' on line 199.


LaTeX3 Info: Defining command \UnReplaceInput with sig. '' on line 200.


LaTeX3 Info: Defining command \UnReplaceClass with sig. 'm' on line 203.


LaTeX3 Info: Defining command \UnReplacePackage with sig. 'mm' on line 206.


LaTeX3 Info: Defining command \PreventPackageFromLoading with sig. 's+om' on
(LaTeX3)     line 234.


LaTeX3 Info: Defining command \StorePreventPackageFromLoading with sig. 'm' on
(LaTeX3)     line 242.


LaTeX3 Info: Defining command \ResetPreventPackageFromLoading with sig. '' on
(LaTeX3)     line 247.


LaTeX3 Info: Defining command \UnPreventPackageFromLoading with sig. 'sm' on
(LaTeX3)     line 261.


LaTeX3 Info: Defining command \BeforeClosingMainAux with sig. 'om' on line
(LaTeX3)     274.


LaTeX3 Info: Defining command \AfterReadingMainAux with sig. 'om' on line 287.


LaTeX3 Info: Defining command \protected@immediate@write with sig. 'm+m+m' on
(LaTeX3)     line 298.


(/usr/share/texmf-dist/tex/latex/koma-script/scrlogo.sty
Package: scrlogo 2020/09/21 v3.32 KOMA-Script package (logo)
))))
(/usr/share/texmf-dist/tex/generic/pdftexcmds/pdftexcmds.sty
Package: pdftexcmds 2020-06-27 v0.33 Utility functions of pdfTeX for LuaTeX (HO
)

(/usr/share/texmf-dist/tex/generic/infwarerr/infwarerr.sty
Package: infwarerr 2019/12/03 v1.5 Providing info/warning/error messages (HO)
)
(/usr/share/texmf-dist/tex/generic/ltxcmds/ltxcmds.sty
Package: ltxcmds 2020-05-10 v1.25 LaTeX kernel commands for general use (HO)
)
Package pdftexcmds Info: \pdf@primitive is available.
Package pdftexcmds Info: \pdf@ifprimitive is available.
Package pdftexcmds Info: \pdfdraftmode found.
)
(/usr/share/texmf-dist/tex/latex/trimspaces/trimspaces.sty
Package: trimspaces 2009/09/17 v1.1 Trim spaces around a token list
)
(/usr/share/texmf-dist/tex/latex/tools/shellesc.sty
Package: shellesc 2019/11/08 v1.0c unified shell escape interface for LaTeX
Package shellesc Info: Restricted shell escape enabled on input line 77.
)
\c@svg@param@lastpage=\count298
\svg@box=\box114
\c@svg@param@currpage=\count299
)
(/usr/share/texmf-dist/tex/latex/transparent/transparent.sty
Package: transparent 2019/11/29 v1.4 Transparency via pdfTeX's color stack (HO)


(/usr/share/texmf-dist/tex/latex/auxhook/auxhook.sty
Package: auxhook 2019-12-17 v1.6 Hooks for auxiliary files (HO)
))
(/usr/share/texmf-dist/tex/latex/pgf/systemlayer/pgfsys.sty
(/usr/share/texmf-dist/tex/latex/pgf/utilities/pgfrcs.sty
(/usr/share/texmf-dist/tex/generic/pgf/utilities/pgfutil-common.tex
\pgfutil@everybye=\toks33
\pgfutil@tempdima=\dimen195
\pgfutil@tempdimb=\dimen196

(/usr/share/texmf-dist/tex/generic/pgf/utilities/pgfutil-common-lists.tex))
(/usr/share/texmf-dist/tex/generic/pgf/utilities/pgfutil-latex.def
\pgfutil@abb=\box115
)
(/usr/share/texmf-dist/tex/generic/pgf/utilities/pgfrcs.code.tex
(/usr/share/texmf-dist/tex/generic/pgf/pgf.revision.tex)
Package: pgfrcs 2020/12/01 v3.1.7a (3.1.7a)
))
(/usr/share/texmf-dist/tex/generic/pgf/systemlayer/pgfsys.code.tex
Package: pgfsys 2020/12/01 v3.1.7a (3.1.7a)

(/usr/share/texmf-dist/tex/generic/pgf/utilities/pgfkeys.code.tex
\pgfkeys@pathtoks=\toks34
\pgfkeys@temptoks=\toks35

(/usr/share/texmf-dist/tex/generic/pgf/utilities/pgfkeysfiltered.code.tex
\pgfkeys@tmptoks=\toks36
))
\pgf@x=\dimen197
\pgf@y=\dimen198
\pgf@xa=\dimen199
\pgf@ya=\dimen256
\pgf@xb=\dimen257
\pgf@yb=\dimen258
\pgf@xc=\dimen259
\pgf@yc=\dimen260
\pgf@xd=\dimen261
\pgf@yd=\dimen262
\w@pgf@writea=\write5
\r@pgf@reada=\read4
\c@pgf@counta=\count300
\c@pgf@countb=\count301
\c@pgf@countc=\count302
\c@pgf@countd=\count303
\t@pgf@toka=\toks37
\t@pgf@tokb=\toks38
\t@pgf@tokc=\toks39
\pgf@sys@id@count=\count304

(/usr/share/texmf-dist/tex/generic/pgf/systemlayer/pgf.cfg
File: pgf.cfg 2020/12/01 v3.1.7a (3.1.7a)
)
Driver file for pgf: pgfsys-pdftex.def

(/usr/share/texmf-dist/tex/generic/pgf/systemlayer/pgfsys-pdftex.def
File: pgfsys-pdftex.def 2020/12/01 v3.1.7a (3.1.7a)

(/usr/share/texmf-dist/tex/generic/pgf/systemlayer/pgfsys-common-pdf.def
File: pgfsys-common-pdf.def 2020/12/01 v3.1.7a (3.1.7a)
)))
(/usr/share/texmf-dist/tex/generic/pgf/systemlayer/pgfsyssoftpath.code.tex
File: pgfsyssoftpath.code.tex 2020/12/01 v3.1.7a (3.1.7a)
\pgfsyssoftpath@smallbuffer@items=\count305
\pgfsyssoftpath@bigbuffer@items=\count306
)
(/usr/share/texmf-dist/tex/generic/pgf/systemlayer/pgfsysprotocol.code.tex
File: pgfsysprotocol.code.tex 2020/12/01 v3.1.7a (3.1.7a)
))
(/usr/share/texmf-dist/tex/latex/newunicodechar/newunicodechar.sty
Package: newunicodechar 2018/04/08 v1.2 Defining Unicode characters
)

Package newunicodechar Warning: Redefining Unicode character on input line 119.



Package newunicodechar Warning: Redefining Unicode character on input line 120.


(/usr/share/texmf-dist/tex/latex/hyperref/hyperref.sty
Package: hyperref 2020-05-15 v7.00e Hypertext links for LaTeX

(/usr/share/texmf-dist/tex/generic/kvsetkeys/kvsetkeys.sty
Package: kvsetkeys 2019/12/15 v1.18 Key value parser (HO)
)
(/usr/share/texmf-dist/tex/generic/kvdefinekeys/kvdefinekeys.sty
Package: kvdefinekeys 2019-12-19 v1.6 Define keys (HO)
)
(/usr/share/texmf-dist/tex/generic/pdfescape/pdfescape.sty
Package: pdfescape 2019/12/09 v1.15 Implements pdfTeX's escape features (HO)
)
(/usr/share/texmf-dist/tex/latex/hycolor/hycolor.sty
Package: hycolor 2020-01-27 v1.10 Color options for hyperref/bookmark (HO)
)
(/usr/share/texmf-dist/tex/latex/letltxmacro/letltxmacro.sty
Package: letltxmacro 2019/12/03 v1.6 Let assignment for LaTeX macros (HO)
)
(/usr/share/texmf-dist/tex/latex/kvoptions/kvoptions.sty
Package: kvoptions 2020-10-07 v3.14 Key value format for package options (HO)
)
\@linkdim=\dimen263
\Hy@linkcounter=\count307
\Hy@pagecounter=\count308

(/usr/share/texmf-dist/tex/latex/hyperref/pd1enc.def
File: pd1enc.def 2020-05-15 v7.00e Hyperref: PDFDocEncoding definition (HO)
Now handling font encoding PD1 ...
... no UTF-8 mapping file for font encoding PD1
)
(/usr/share/texmf-dist/tex/generic/intcalc/intcalc.sty
Package: intcalc 2019/12/15 v1.3 Expandable calculations with integers (HO)
)
(/usr/share/texmf-dist/tex/generic/etexcmds/etexcmds.sty
Package: etexcmds 2019/12/15 v1.7 Avoid name clashes with e-TeX commands (HO)
)
\Hy@SavedSpaceFactor=\count309
Package hyperref Info: Hyper figures OFF on input line 4464.
Package hyperref Info: Link nesting OFF on input line 4469.
Package hyperref Info: Hyper index ON on input line 4472.
Package hyperref Info: Plain pages OFF on input line 4479.
Package hyperref Info: Backreferencing ON on input line 4482.
Package hyperref Info: Implicit mode ON; LaTeX internals redefined.
Package hyperref Info: Bookmarks ON on input line 4717.

(/usr/share/texmf-dist/tex/latex/hyperref/backref.sty
Package: backref 2020/01/14 v1.40 Bibliographical back referencing

(/usr/share/texmf-dist/tex/latex/rerunfilecheck/rerunfilecheck.sty
Package: rerunfilecheck 2019/12/05 v1.9 Rerun checks for auxiliary files (HO)

(/usr/share/texmf-dist/tex/latex/base/atveryend-ltx.sty
Package: atveryend-ltx 2020/08/19 v1.0a Emulation of the original atvery packag
e
with kernel methods
)
(/usr/share/texmf-dist/tex/generic/uniquecounter/uniquecounter.sty
Package: uniquecounter 2019/12/15 v1.4 Provide unlimited unique counter (HO)

(/usr/share/texmf-dist/tex/generic/bigintcalc/bigintcalc.sty
Package: bigintcalc 2019/12/15 v1.5 Expandable calculations on big integers (HO
)
))
Package uniquecounter Info: New unique counter `rerunfilecheck' on input line 2
86.
))
\c@Hy@tempcnt=\count310

(/usr/share/texmf-dist/tex/latex/url/url.sty
\Urlmuskip=\muskip16
Package: url 2013/09/16  ver 3.4  Verb mode for urls, etc.
)
LaTeX Info: Redefining \url on input line 5076.
\XeTeXLinkMargin=\dimen264

(/usr/share/texmf-dist/tex/generic/bitset/bitset.sty
Package: bitset 2019/12/09 v1.3 Handle bit-vector datatype (HO)
)
\Fld@menulength=\count311
\Field@Width=\dimen265
\Fld@charsize=\dimen266
Package hyperref Info: Hyper figures OFF on input line 6347.
Package hyperref Info: Link nesting OFF on input line 6352.
Package hyperref Info: Hyper index ON on input line 6355.
Package hyperref Info: backreferencing ON on input line 6360.
Package hyperref Info: Link coloring OFF on input line 6367.
Package hyperref Info: Link coloring with OCG OFF on input line 6372.
Package hyperref Info: PDF/A mode OFF on input line 6377.
LaTeX Info: Redefining \ref on input line 6417.
LaTeX Info: Redefining \pageref on input line 6421.

(/usr/share/texmf-dist/tex/latex/base/atbegshi-ltx.sty
Package: atbegshi-ltx 2020/08/17 v1.0a Emulation of the original atbegshi packa
ge
with kernel methods
)
\Hy@abspage=\count312
\c@Item=\count313
\c@Hfootnote=\count314
)
Package hyperref Info: Driver: hpdftex.

(/usr/share/texmf-dist/tex/latex/hyperref/hpdftex.def
File: hpdftex.def 2020-05-15 v7.00e Hyperref driver for pdfTeX
\Fld@listcount=\count315
\c@bookmark@seq@number=\count316
\Hy@SectionHShift=\skip126
)
Package hyperref Info: Option `colorlinks' set `true' on input line 138.
Package hyperref Info: Option `unicode' set `true' on input line 138.

(/usr/share/texmf-dist/tex/latex/hyperref/puenc.def
File: puenc.def 2020-05-15 v7.00e Hyperref: PDF Unicode definition (HO)
Now handling font encoding PU ...
... no UTF-8 mapping file for font encoding PU
)
(/usr/share/texmf-dist/tex/latex/caption/caption.sty
Package: caption 2020/10/26 v3.5g Customizing captions (AR)

(/usr/share/texmf-dist/tex/latex/caption/caption3.sty
Package: caption3 2020/10/21 v2.2e caption3 kernel (AR)
\captionmargin=\dimen267
\captionmargin@=\dimen268
\captionwidth=\dimen269
\caption@tempdima=\dimen270
\caption@indent=\dimen271
\caption@parindent=\dimen272
\caption@hangindent=\dimen273
Package caption Info: Standard document class detected.
)
\c@caption@flags=\count317
\c@continuedfloat=\count318
Package caption Info: float package is loaded.
Package caption Info: hyperref package is loaded.
Package caption Info: longtable package is loaded.

(/usr/share/texmf-dist/tex/latex/caption/ltcaption.sty
Package: ltcaption 2020/05/30 v1.4b longtable captions (AR)
))
(/usr/share/texmf-dist/tex/latex/etoc/etoc.sty
Package: etoc 2020/05/15 v1.09c Completely customisable TOCs (JFB)
\Etoc@toctoks=\toks40
\c@etoc@tocid=\count319
\c@etoc@tocdepth=\count320
\etoc@framed@titlebox=\box116
\etoc@framed@contentsbox=\box117
)
LaTeX Font Info:    Trying to load font information for T1+phv on input line 15
3.

(/usr/share/texmf-dist/tex/latex/psnfss/t1phv.fd
File: t1phv.fd 2020/03/25 scalable font definitions for T1/phv.
)
LaTeX Font Info:    Font shape `T1/phv/m/n' will be
(Font)              scaled to size 8.99994pt on input line 153.

(/usr/share/texmf-dist/tex/latex/l3backend/l3backend-pdftex.def
File: l3backend-pdftex.def 2020-09-24 L3 backend support: PDF output (pdfTeX)
\l__kernel_color_stack_int=\count321
\l__pdf_internal_box=\box118
) (./refman.aux)
LaTeX Font Info:    Checking defaults for OML/cmm/m/it on input line 153.
LaTeX Font Info:    ... okay on input line 153.
LaTeX Font Info:    Checking defaults for OMS/cmsy/m/n on input line 153.
LaTeX Font Info:    ... okay on input line 153.
LaTeX Font Info:    Checking defaults for OT1/cmr/m/n on input line 153.
LaTeX Font Info:    ... okay on input line 153.
LaTeX Font Info:    Checking defaults for T1/cmr/m/n on input line 153.
LaTeX Font Info:    ... okay on input line 153.
LaTeX Font Info:    Checking defaults for TS1/cmr/m/n on input line 153.
LaTeX Font Info:    ... okay on input line 153.
LaTeX Font Info:    Checking defaults for OMX/cmex/m/n on input line 153.
LaTeX Font Info:    ... okay on input line 153.
LaTeX Font Info:    Checking defaults for U/cmr/m/n on input line 153.
LaTeX Font Info:    ... okay on input line 153.
LaTeX Font Info:    Checking defaults for PD1/pdf/m/n on input line 153.
LaTeX Font Info:    ... okay on input line 153.
LaTeX Font Info:    Checking defaults for PU/pdf/m/n on input line 153.
LaTeX Font Info:    ... okay on input line 153.
(/usr/share/texmf-dist/tex/context/base/mkii/supp-pdf.mkii
[Loading MPS to PDF converter (version 2006.09.02).]
\scratchcounter=\count322
\scratchdimen=\dimen274
\scratchbox=\box119
\nofMPsegments=\count323
\nofMParguments=\count324
\everyMPshowfont=\toks41
\MPscratchCnt=\count325
\MPscratchDim=\dimen275
\MPnumerator=\count326
\makeMPintoPDFobject=\count327
\everyMPtoPDFconversion=\toks42
) (/usr/share/texmf-dist/tex/latex/epstopdf-pkg/epstopdf-base.sty
Package: epstopdf-base 2020-01-24 v2.11 Base part for package epstopdf
Package epstopdf-base Info: Redefining graphics rule for `.eps' on input line 4
85.

(/usr/share/texmf-dist/tex/latex/latexconfig/epstopdf-sys.cfg
File: epstopdf-sys.cfg 2010/07/13 v1.3 Configuration of (r)epstopdf for TeX Liv
e
))
*geometry* driver: auto-detecting
*geometry* detected driver: pdftex
*geometry* verbose mode - [ preamble ] result:
* driver: pdftex
* paper: a4paper
* layout: <same size as paper>
* layoutoffset:(h,v)=(0.0pt,0.0pt)
* modes: twoside 
* h-part:(L,W,R)=(71.13188pt, 455.24411pt, 71.13188pt)
* v-part:(T,H,B)=(71.13188pt, 702.78308pt, 71.13188pt)
* \paperwidth=597.50787pt
* \paperheight=845.04684pt
* \textwidth=455.24411pt
* \textheight=702.78308pt
* \oddsidemargin=-1.1381pt
* \evensidemargin=-1.1381pt
* \topmargin=-31.2056pt
* \headheight=12.0pt
* \headsep=18.06749pt
* \topskip=10.0pt
* \footskip=25.29494pt
* \marginparwidth=125.0pt
* \marginparsep=7.0pt
* \columnsep=10.0pt
* \skip\footins=9.0pt plus 4.0pt minus 2.0pt
* \hoffset=0.0pt
* \voffset=0.0pt
* \mag=1000
* \@twocolumnfalse
* \@twosidetrue
* \@mparswitchtrue
* \@reversemarginfalse
* (1in=72.27pt=25.4mm, 1cm=28.453pt)

Package hyperref Info: Link coloring ON on input line 153.
(/usr/share/texmf-dist/tex/latex/hyperref/nameref.sty
Package: nameref 2019/09/16 v2.46 Cross-referencing by name of section

(/usr/share/texmf-dist/tex/latex/refcount/refcount.sty
Package: refcount 2019/12/15 v3.6 Data extraction from label references (HO)
)
(/usr/share/texmf-dist/tex/generic/gettitlestring/gettitlestring.sty
Package: gettitlestring 2019/12/15 v1.6 Cleanup title references (HO)
)
\c@section@level=\count328
)
LaTeX Info: Redefining \ref on input line 153.
LaTeX Info: Redefining \pageref on input line 153.
LaTeX Info: Redefining \nameref on input line 153.

(./refman.out) (./refman.out)
\@outlinefile=\write6
Package backref Info: ** backref set up for natbib ** on input line 153.
Package caption Info: Begin \AtBeginDocument code.
Package caption Info: End \AtBeginDocument code.
\Etoc@tf=\read5
Package hyperref Info: Option `pageanchor' set `false' on input line 159.
Package hyperref Info: Option `bookmarksnumbered' set `true' on input line 159.

Package hyperref Info: Option `unicode' set `true' on input line 159.
LaTeX Font Info:    Font shape `T1/phv/m/n' will be
(Font)              scaled to size 12.9599pt on input line 164.
LaTeX Font Info:    Font shape `T1/phv/m/n' will be
(Font)              scaled to size 10.79993pt on input line 164.
LaTeX Font Info:    Font shape `T1/phv/m/n' will be
(Font)              scaled to size 6.29996pt on input line 164.
LaTeX Font Info:    Trying to load font information for U+msa on input line 164
.
 (/usr/share/texmf-dist/tex/latex/amsfonts/umsa.fd
File: umsa.fd 2013/01/14 v3.01 AMS symbols A
)
LaTeX Font Info:    Trying to load font information for U+msb on input line 164
.
 (/usr/share/texmf-dist/tex/latex/amsfonts/umsb.fd
File: umsb.fd 2013/01/14 v3.01 AMS symbols B
)
LaTeX Font Info:    Trying to load font information for U+wasy on input line 16
4.

(/usr/share/texmf-dist/tex/latex/wasysym/uwasy.fd
File: uwasy.fd 2020/01/19 v2.4 Wasy-2 symbol font definitions
)
LaTeX Font Info:    Font shape `T1/phv/m/n' will be
(Font)              scaled to size 8.09995pt on input line 168.
 [1


{/var/lib/texmf/fonts/map/pdftex/updmap/pdftex.map}] [2

]
\tf@toc=\write7
LaTeX Font Info:    Font shape `T1/phv/b/n' will be
(Font)              scaled to size 8.99994pt on input line 174.
LaTeX Font Info:    Font shape `T1/phv/b/n' will be
(Font)              scaled to size 6.29996pt on input line 174.
 [1] [2] [3] [4] [5] [6] [7] [8] [9] [10]
[11] [12] [13] [14] [15] [16

]
Package hyperref Info: Option `pageanchor' set `true' on input line 176.

Chapter 1.
LaTeX Font Info:    Font shape `T1/phv/m/n' will be
(Font)              scaled to size 18.66588pt on input line 179.
LaTeX Font Info:    Font shape `T1/phv/b/n' will be
(Font)              scaled to size 18.66588pt on input line 179.
LaTeX Font Info:    Font shape `T1/phv/bc/n' will be
(Font)              scaled to size 18.66588pt on input line 179.
LaTeX Font Info:    Font shape `T1/phv/m/n' will be
(Font)              scaled to size 22.39185pt on input line 179.
LaTeX Font Info:    Font shape `T1/phv/b/n' will be
(Font)              scaled to size 22.39185pt on input line 179.
LaTeX Font Info:    Font shape `T1/phv/bc/n' will be
(Font)              scaled to size 22.39185pt on input line 179.
(./index.tex <./ccfd.png>
<ccfd.png, id=3160, 93.34875pt x 33.12375pt>
File: ccfd.png Graphic file (type png)
<use ccfd.png>
Package pdftex.def Info: ccfd.png  used on input line 5.
(pdftex.def)             Requested size: 33.81775pt x 12.0pt.
LaTeX Font Info:    Trying to load font information for T1+pcr on input line 9.

 (/usr/share/texmf-dist/tex/latex/psnfss/t1pcr.fd
File: t1pcr.fd 2001/06/04 font definitions for T1/pcr.
) <./comparison.png>
<comparison.png, id=3167, 771.63281pt x 374.90062pt>
File: comparison.png Graphic file (type png)
<use comparison.png>
Package pdftex.def Info: comparison.png  used on input line 13.
(pdftex.def)             Requested size: 24.6904pt x 12.0pt.
LaTeX Font Info:    Font shape `T1/phv/b/n' will be
(Font)              scaled to size 12.9599pt on input line 15.
LaTeX Font Info:    Trying to load font information for TS1+phv on input line 1
8.
 (/usr/share/texmf-dist/tex/latex/psnfss/ts1phv.fd
File: ts1phv.fd 2020/03/25 scalable font definitions for TS1/phv.
)
LaTeX Font Info:    Font shape `TS1/phv/m/n' will be
(Font)              scaled to size 8.99994pt on input line 18.
LaTeX Font Info:    Font shape `T1/phv/b/n' will be
(Font)              scaled to size 10.79993pt on input line 26.
 [1

]
LaTeX Font Info:    Font shape `T1/phv/m/it' in size <10> not available
(Font)              Font shape `T1/phv/m/sl' tried instead on input line 100.
LaTeX Font Info:    Font shape `T1/phv/m/sl' will be
(Font)              scaled to size 8.99994pt on input line 100.
 [2]
[3]) [4]
Chapter 2.
(./bug.tex) [5

] [6

]
Chapter 3.
(./annotated.tex) [7] [8

]
Chapter 4.
(./files.tex [9]) [10]
Chapter 5.
(./structboundary__t.tex <./structboundary__t__coll__graph.pdf

pdfTeX warning: pdflatex (file ./structboundary__t__coll__graph.pdf): PDF inclu
sion: multiple pdfs with page group included in a single page
>
<structboundary__t__coll__graph.pdf, id=3390, 185.69376pt x 100.375pt>
File: structboundary__t__coll__graph.pdf Graphic file (type pdf)
<use structboundary__t__coll__graph.pdf>
Package pdftex.def Info: structboundary__t__coll__graph.pdf  used on input line
 18.
(pdftex.def)             Requested size: 185.0pt x 100.00255pt.
LaTeX Font Info:    Font shape `T1/phv/m/n' will be
(Font)              scaled to size 7.19995pt on input line 54.
 [11

] [12]) (./structcartMesh__t.tex [13] [14]) (./structcmd__t.tex <./structcmd__t
__coll__graph.pdf

pdfTeX warning: pdflatex (file ./structcmd__t__coll__graph.pdf): PDF inclusion:
 multiple pdfs with page group included in a single page
>
<structcmd__t__coll__graph.pdf, id=3468, 164.615pt x 102.3825pt>
File: structcmd__t__coll__graph.pdf Graphic file (type pdf)
<use structcmd__t__coll__graph.pdf>
Package pdftex.def Info: structcmd__t__coll__graph.pdf  used on input line 14.
(pdftex.def)             Requested size: 164.0pt x 102.00262pt.
 [15] [16]) (./structelem__t.tex <./structelem__t__coll__graph.pdf>
<structelem__t__coll__graph.pdf, id=3503, 352.31625pt x 247.92625pt>
File: structelem__t__coll__graph.pdf Graphic file (type pdf)
<use structelem__t__coll__graph.pdf>
Package pdftex.def Info: structelem__t__coll__graph.pdf  used on input line 18.

(pdftex.def)             Requested size: 350.0pt x 246.29515pt.
 [17]
Underfull \hbox (badness 954) in paragraph at lines 108--109
[]\T1/phv/m/n/10 Referenced by calc[]Coef(), calc[]Errors(), cgns[]Output(), co
nnect[]Periodic[]B[]C(), create[]Elem[]Info(), create[]Mesh(),
 []

[18] [19] [20]
Underfull \hbox (badness 1629) in paragraph at lines 234--235
\T1/phv/m/n/10 Output(), eval[]Record[]Points(), explicit[]Time[]Step[]Euler(),
 explicit[]Time[]Step[]R[]K(), flux[]Calculation(), implicit[]Time[]
 []

[21] [22]) (./structnode__t.tex <./structnode__t__coll__graph.pdf

pdfTeX warning: pdflatex (file ./structnode__t__coll__graph.pdf): PDF inclusion
: multiple pdfs with page group included in a single page
>
<structnode__t__coll__graph.pdf, id=3620, 166.6225pt x 100.375pt>
File: structnode__t__coll__graph.pdf Graphic file (type pdf)
<use structnode__t__coll__graph.pdf>
Package pdftex.def Info: structnode__t__coll__graph.pdf  used on input line 18.

(pdftex.def)             Requested size: 166.0pt x 100.00716pt.
 [23] [24]) (./structoutputTime__t.tex <./structoutputTime__t__coll__graph.pdf>
<structoutputTime__t__coll__graph.pdf, id=3649, 194.7275pt x 100.375pt>
File: structoutputTime__t__coll__graph.pdf Graphic file (type pdf)
<use structoutputTime__t__coll__graph.pdf>
Package pdftex.def Info: structoutputTime__t__coll__graph.pdf  used on input li
ne 18.
(pdftex.def)             Requested size: 194.0pt x 100.00409pt.
 [25]) (./structrecordPoint__t.tex <./structrecordPoint__t__coll__graph.pdf>
<structrecordPoint__t__coll__graph.pdf, id=3672, 418.56375pt x 247.92625pt>
File: structrecordPoint__t__coll__graph.pdf Graphic file (type pdf)
<use structrecordPoint__t__coll__graph.pdf>
Package pdftex.def Info: structrecordPoint__t__coll__graph.pdf  used on input l
ine 18.
(pdftex.def)             Requested size: 350.0pt x 207.31087pt.

[26]) (./structside__t.tex <./structside__t__coll__graph.pdf>
<structside__t__coll__graph.pdf, id=3698, 291.0875pt x 247.92625pt>
File: structside__t__coll__graph.pdf Graphic file (type pdf)
<use structside__t__coll__graph.pdf>
Package pdftex.def Info: structside__t__coll__graph.pdf  used on input line 18.

(pdftex.def)             Requested size: 290.0pt x 247.0177pt.
 [27] [28]
[29] [30] [31]) (./structsideList__t.tex <./structsideList__t__coll__graph.pdf

pdfTeX warning: pdflatex (file ./structsideList__t__coll__graph.pdf): PDF inclu
sion: multiple pdfs with page group included in a single page
>
<structsideList__t__coll__graph.pdf, id=3800, 304.13625pt x 247.92625pt>
File: structsideList__t__coll__graph.pdf Graphic file (type pdf)
<use structsideList__t__coll__graph.pdf>
Package pdftex.def Info: structsideList__t__coll__graph.pdf  used on input line
 14.
(pdftex.def)             Requested size: 303.0pt x 247.00636pt.
 [32] [33]) (./structsidePtr__t.tex <./structsidePtr__t__coll__graph.pdf>
<structsidePtr__t__coll__graph.pdf, id=3836, 316.18124pt x 247.92625pt>
File: structsidePtr__t__coll__graph.pdf Graphic file (type pdf)
<use structsidePtr__t__coll__graph.pdf>
Package pdftex.def Info: structsidePtr__t__coll__graph.pdf  used on input line 
18.
(pdftex.def)             Requested size: 315.0pt x 247.0177pt.

[34]) (./structwing__t.tex <./structwing__t__coll__graph.pdf>
<structwing__t__coll__graph.pdf, id=3862, 338.26375pt x 326.21875pt>
File: structwing__t__coll__graph.pdf Graphic file (type pdf)
<use structwing__t__coll__graph.pdf>
Package pdftex.def Info: structwing__t__coll__graph.pdf  used on input line 18.

(pdftex.def)             Requested size: 337.0pt x 325.00836pt.
 [35] [36]
[37]) [38]
Chapter 6.
(./analyze_8c.tex <./analyze_8c__incl.pdf

pdfTeX warning: pdflatex (file ./analyze_8c__incl.pdf): PDF inclusion: multiple
 pdfs with page group included in a single page
>
<analyze_8c__incl.pdf, id=3920, 1088.065pt x 325.215pt>
File: analyze_8c__incl.pdf Graphic file (type pdf)
<use analyze_8c__incl.pdf>
Package pdftex.def Info: analyze_8c__incl.pdf  used on input line 26.
(pdftex.def)             Requested size: 350.0pt x 104.61182pt.
LaTeX Font Info:    Font shape `T1/phv/m/it' in size <9> not available
(Font)              Font shape `T1/phv/m/sl' tried instead on input line 34.
LaTeX Font Info:    Font shape `T1/phv/m/sl' will be
(Font)              scaled to size 8.09995pt on input line 34.
 [39

]
LaTeX Font Info:    Font shape `T1/phv/bc/n' will be
(Font)              scaled to size 8.99994pt on input line 74.

Underfull \hbox (badness 10000) detected at line 74
[][][]
 []


Underfull \hbox (badness 10000) detected at line 77
[][][]
 []

LaTeX Font Info:    Font shape `T1/pcr/m/it' in size <8> not available
(Font)              Font shape `T1/pcr/m/sl' tried instead on input line 87.
LaTeX Font Info:    Font shape `T1/pcr/m/it' in size <7> not available
(Font)              Font shape `T1/pcr/m/sl' tried instead on input line 87.
[40] [41]) (./analyze_8h.tex <./analyze_8h__incl.pdf

pdfTeX warning: pdflatex (file ./analyze_8h__incl.pdf): PDF inclusion: multiple
 pdfs with page group included in a single page
>
<analyze_8h__incl.pdf, id=3982, 302.12875pt x 269.005pt>
File: analyze_8h__incl.pdf Graphic file (type pdf)
<use analyze_8h__incl.pdf>
Package pdftex.def Info: analyze_8h__incl.pdf  used on input line 17.
(pdftex.def)             Requested size: 301.0pt x 267.99867pt.
 [42] <./analyze_8h__dep__incl.pdf

pdfTeX warning: pdflatex (file ./analyze_8h__dep__incl.pdf): PDF inclusion: mul
tiple pdfs with page group included in a single page
>
<analyze_8h__dep__incl.pdf, id=3994, 547.04375pt x 156.585pt>
File: analyze_8h__dep__incl.pdf Graphic file (type pdf)
<use analyze_8h__dep__incl.pdf>
Package pdftex.def Info: analyze_8h__dep__incl.pdf  used on input line 24.
(pdftex.def)             Requested size: 350.0pt x 100.18538pt.
 [43]
Underfull \hbox (badness 10000) detected at line 65
[][][]
 []


Underfull \hbox (badness 10000) detected at line 68
[][][]
 []

[44] [45]) (./boundary_8c.tex <./boundary_8c__incl.pdf

pdfTeX warning: pdflatex (file ./boundary_8c__incl.pdf): PDF inclusion: multipl
e pdfs with page group included in a single page
>
<boundary_8c__incl.pdf, id=4050, 753.81625pt x 269.005pt>
File: boundary_8c__incl.pdf Graphic file (type pdf)
<use boundary_8c__incl.pdf>
Package pdftex.def Info: boundary_8c__incl.pdf  used on input line 22.
(pdftex.def)             Requested size: 350.0pt x 124.8972pt.
 [46]
Underfull \hbox (badness 10000) detected at line 54
[][][]
 []

[47]
Underfull \hbox (badness 10000) detected at line 57
[][][]
 []

[48]) (./boundary_8h.tex [49] <./boundary_8h__incl.pdf

pdfTeX warning: pdflatex (file ./boundary_8h__incl.pdf): PDF inclusion: multipl
e pdfs with page group included in a single page
>
<boundary_8h__incl.pdf, id=4104, 242.9075pt x 212.795pt>
File: boundary_8h__incl.pdf Graphic file (type pdf)
<use boundary_8h__incl.pdf>
Package pdftex.def Info: boundary_8h__incl.pdf  used on input line 15.
(pdftex.def)             Requested size: 242.0pt x 211.99895pt.
 <./boundary_8h__dep__incl.pdf

pdfTeX warning: pdflatex (file ./boundary_8h__dep__incl.pdf): PDF inclusion: mu
ltiple pdfs with page group included in a single page
>
<boundary_8h__dep__incl.pdf, id=4110, 1514.65875pt x 269.005pt>
File: boundary_8h__dep__incl.pdf Graphic file (type pdf)
<use boundary_8h__dep__incl.pdf>
Package pdftex.def Info: boundary_8h__dep__incl.pdf  used on input line 22.
(pdftex.def)             Requested size: 350.0pt x 62.16127pt.
 [50]
Underfull \hbox (badness 10000) detected at line 59
[][][]
 []


Underfull \hbox (badness 10000) detected at line 62
[][][]
 []

[51] [52]) (./equation_8c.tex <./equation_8c__incl.pdf

pdfTeX warning: pdflatex (file ./equation_8c__incl.pdf): PDF inclusion: multipl
e pdfs with page group included in a single page
>
<equation_8c__incl.pdf, id=4168, 431.6125pt x 212.795pt>
File: equation_8c__incl.pdf Graphic file (type pdf)
<use equation_8c__incl.pdf>
Package pdftex.def Info: equation_8c__incl.pdf  used on input line 17.
(pdftex.def)             Requested size: 350.0pt x 172.5643pt.
 [53]
Underfull \hbox (badness 10000) detected at line 66
[][][]
 []


Underfull \hbox (badness 10000) detected at line 69
[][][]
 []

[54] [55] [56]) (./equation_8h.tex <./equation_8h__incl.pdf

pdfTeX warning: pdflatex (file ./equation_8h__incl.pdf): PDF inclusion: multipl
e pdfs with page group included in a single page
>
<equation_8h__incl.pdf, id=4230, 180.675pt x 156.585pt>
File: equation_8h__incl.pdf Graphic file (type pdf)
<use equation_8h__incl.pdf>
Package pdftex.def Info: equation_8h__incl.pdf  used on input line 8.
(pdftex.def)             Requested size: 180.0pt x 156.00162pt.
 [57] <./equation_8h__dep__incl.pdf

pdfTeX warning: pdflatex (file ./equation_8h__dep__incl.pdf): PDF inclusion: mu
ltiple pdfs with page group included in a single page
>
<equation_8h__dep__incl.pdf, id=4240, 1764.5925pt x 156.585pt>
File: equation_8h__dep__incl.pdf Graphic file (type pdf)
<use equation_8h__dep__incl.pdf>
Package pdftex.def Info: equation_8h__dep__incl.pdf  used on input line 15.
(pdftex.def)             Requested size: 350.0pt x 31.0584pt.

Underfull \hbox (badness 10000) detected at line 62
[][][]
 []

[58]
Underfull \hbox (badness 10000) detected at line 65
[][][]
 []

[59] [60] [61]) (./equationOfState_8c.tex <./equationOfState_8c__incl.pdf

pdfTeX warning: pdflatex (file ./equationOfState_8c__incl.pdf): PDF inclusion: 
multiple pdfs with page group included in a single page
>
<equationOfState_8c__incl.pdf, id=4310, 273.02pt x 212.795pt>
File: equationOfState_8c__incl.pdf Graphic file (type pdf)
<use equationOfState_8c__incl.pdf>
Package pdftex.def Info: equationOfState_8c__incl.pdf  used on input line 15.
(pdftex.def)             Requested size: 272.0pt x 212.01193pt.
 [62]
Underfull \hbox (badness 10000) detected at line 34
[][][]
 []


Underfull \hbox (badness 10000) detected at line 37
[][][]
 []

[63] [64]) (./equationOfState_8h.tex <./equationOfState_8h__incl.pdf

pdfTeX warning: pdflatex (file ./equationOfState_8h__incl.pdf): PDF inclusion: 
multiple pdfs with page group included in a single page
>
<equationOfState_8h__incl.pdf, id=4350, 214.8025pt x 156.585pt>
File: equationOfState_8h__incl.pdf Graphic file (type pdf)
<use equationOfState_8h__incl.pdf>
Package pdftex.def Info: equationOfState_8h__incl.pdf  used on input line 8.
(pdftex.def)             Requested size: 214.0pt x 156.00162pt.
 <./equationOfState_8h__dep__incl.pdf

pdfTeX warning: pdflatex (file ./equationOfState_8h__dep__incl.pdf): PDF inclus
ion: multiple pdfs with page group included in a single page
>
<equationOfState_8h__dep__incl.pdf, id=4356, 765.86125pt x 156.585pt>
File: equationOfState_8h__dep__incl.pdf Graphic file (type pdf)
<use equationOfState_8h__dep__incl.pdf>
Package pdftex.def Info: equationOfState_8h__dep__incl.pdf  used on input line 
15.
(pdftex.def)             Requested size: 350.0pt x 71.55928pt.

Underfull \hbox (badness 10000) detected at line 32
[][][]
 []

[65]
Underfull \hbox (badness 10000) detected at line 35
[][][]
 []


Underfull \vbox (badness 10000) has occurred while \output is active []

 [66])
(./exactFunction_8c.tex <./exactFunction_8c__incl.pdf

pdfTeX warning: pdflatex (file ./exactFunction_8c__incl.pdf): PDF inclusion: mu
ltiple pdfs with page group included in a single page
>
<exactFunction_8c__incl.pdf, id=4394, 677.53125pt x 269.005pt>
File: exactFunction_8c__incl.pdf Graphic file (type pdf)
<use exactFunction_8c__incl.pdf>
Package pdftex.def Info: exactFunction_8c__incl.pdf  used on input line 21.
(pdftex.def)             Requested size: 350.0pt x 138.96805pt.
 [67]
Underfull \hbox (badness 10000) detected at line 34
[][][]
 []


Underfull \hbox (badness 10000) detected at line 37
[][][]
 []

[68]) (./exactFunction_8h.tex <./exactFunction_8h__dep__incl.pdf>
<exactFunction_8h__dep__incl.pdf, id=4418, 552.0625pt x 156.585pt>
File: exactFunction_8h__dep__incl.pdf Graphic file (type pdf)
<use exactFunction_8h__dep__incl.pdf>
Package pdftex.def Info: exactFunction_8h__dep__incl.pdf  used on input line 7.

(pdftex.def)             Requested size: 350.0pt x 99.27745pt.
 [69]
Underfull \hbox (badness 10000) detected at line 18
[][][]
 []


Underfull \hbox (badness 10000) detected at line 21
[][][]
 []

) (./exactRiemann_8c.tex [70] <./exactRiemann_8c__incl.pdf

pdfTeX warning: pdflatex (file ./exactRiemann_8c__incl.pdf): PDF inclusion: mul
tiple pdfs with page group included in a single page
>
<exactRiemann_8c__incl.pdf, id=4441, 339.2675pt x 212.795pt>
File: exactRiemann_8c__incl.pdf Graphic file (type pdf)
<use exactRiemann_8c__incl.pdf>
Package pdftex.def Info: exactRiemann_8c__incl.pdf  used on input line 16.
(pdftex.def)             Requested size: 338.0pt x 212.00868pt.
LaTeX Font Info:    Font shape `T1/pcr/m/it' in size <9> not available
(Font)              Font shape `T1/pcr/m/sl' tried instead on input line 23.

Underfull \hbox (badness 10000) detected at line 40
[][][]
 []


Underfull \hbox (badness 10000) detected at line 43
[][][]
 []

[71] [72] [73]) (./exactRiemann_8h.tex <./exactRiemann_8h__dep__incl.pdf

pdfTeX warning: pdflatex (file ./exactRiemann_8h__dep__incl.pdf): PDF inclusion
: multiple pdfs with page group included in a single page
>
<exactRiemann_8h__dep__incl.pdf, id=4476, 351.3125pt x 156.585pt>
File: exactRiemann_8h__dep__incl.pdf Graphic file (type pdf)
<use exactRiemann_8h__dep__incl.pdf>
Package pdftex.def Info: exactRiemann_8h__dep__incl.pdf  used on input line 7.
(pdftex.def)             Requested size: 350.0pt x 156.01117pt.
 [74]
Underfull \hbox (badness 10000) detected at line 18
[][][]
 []


Underfull \hbox (badness 10000) detected at line 21
[][][]
 []

[75]) (./finiteVolume_8c.tex <./finiteVolume_8c__incl.pdf>
<finiteVolume_8c__incl.pdf, id=4503, 968.61874pt x 269.005pt>
File: finiteVolume_8c__incl.pdf Graphic file (type pdf)
<use finiteVolume_8c__incl.pdf>
Package pdftex.def Info: finiteVolume_8c__incl.pdf  used on input line 24.
(pdftex.def)             Requested size: 350.0pt x 97.20293pt.
 [76]
Underfull \hbox (badness 10000) detected at line 47
[][][]
 []


Underfull \hbox (badness 10000) detected at line 50
[][][]
 []

[77]) (./finiteVolume_8h.tex <./finiteVolume_8h__dep__incl.pdf

pdfTeX warning: pdflatex (file ./finiteVolume_8h__dep__incl.pdf): PDF inclusion
: multiple pdfs with page group included in a single page
>
<finiteVolume_8h__dep__incl.pdf, id=4539, 735.74875pt x 156.585pt>
File: finiteVolume_8h__dep__incl.pdf Graphic file (type pdf)
<use finiteVolume_8h__dep__incl.pdf>
Package pdftex.def Info: finiteVolume_8h__dep__incl.pdf  used on input line 7.
(pdftex.def)             Requested size: 350.0pt x 74.49094pt.

Underfull \hbox (badness 10000) detected at line 28
[][][]
 []


Underfull \hbox (badness 10000) detected at line 31
[][][]
 []

[78]) (./fluxCalculation_8c.tex <./fluxCalculation_8c__incl.pdf>
<fluxCalculation_8c__incl.pdf, id=4571, 494.84875pt x 325.215pt>
File: fluxCalculation_8c__incl.pdf Graphic file (type pdf)
<use fluxCalculation_8c__incl.pdf>
Package pdftex.def Info: fluxCalculation_8c__incl.pdf  used on input line 19.
(pdftex.def)             Requested size: 350.0pt x 230.02095pt.
 [79] [80]
Underfull \hbox (badness 10000) detected at line 56
[][][]
 []


Underfull \hbox (badness 10000) detected at line 59
[][][]
 []

[81] [82]
Underfull \hbox (badness 10000) detected at line 194
[][][]
 []

[83] [84] [85] [86]
Overfull \vbox (33.83183pt too high) has occurred while \output is active []


[87] [88]) (./fluxCalculation_8h.tex <./fluxCalculation_8h__dep__incl.pdf

pdfTeX warning: pdflatex (file ./fluxCalculation_8h__dep__incl.pdf): PDF inclus
ion: multiple pdfs with page group included in a single page
>
<fluxCalculation_8h__dep__incl.pdf, id=4668, 329.23pt x 156.585pt>
File: fluxCalculation_8h__dep__incl.pdf Graphic file (type pdf)
<use fluxCalculation_8h__dep__incl.pdf>
Package pdftex.def Info: fluxCalculation_8h__dep__incl.pdf  used on input line 
7.
(pdftex.def)             Requested size: 328.0pt x 156.004pt.
 [89]
Underfull \hbox (badness 10000) detected at line 18
[][][]
 []


Underfull \hbox (badness 10000) detected at line 21
[][][]
 []

) (./initialCondition_8c.tex <./initialCondition_8c__incl.pdf>
<initialCondition_8c__incl.pdf, id=4689, 1008.76875pt x 269.005pt>
File: initialCondition_8c__incl.pdf Graphic file (type pdf)
<use initialCondition_8c__incl.pdf>
Package pdftex.def Info: initialCondition_8c__incl.pdf  used on input line 26.
(pdftex.def)             Requested size: 350.0pt x 93.33221pt.
 [90]
Underfull \hbox (badness 10000) detected at line 64
[][][]
 []


Underfull \hbox (badness 10000) detected at line 67
[][][]
 []

[91]) (./initialCondition_8h.tex <./initialCondition_8h__dep__incl.pdf>
<initialCondition_8h__dep__incl.pdf, id=4730, 674.52pt x 156.585pt>
File: initialCondition_8h__dep__incl.pdf Graphic file (type pdf)
<use initialCondition_8h__dep__incl.pdf>
Package pdftex.def Info: initialCondition_8h__dep__incl.pdf  used on input line
 7.
(pdftex.def)             Requested size: 350.0pt x 81.25024pt.

[92]
Underfull \hbox (badness 10000) detected at line 40
[][][]
 []


Underfull \hbox (badness 10000) detected at line 43
[][][]
 []

[93]) (./linearSolver_8c.tex <./linearSolver_8c__incl.pdf>
<linearSolver_8c__incl.pdf, id=4767, 1164.35pt x 325.215pt>
File: linearSolver_8c__incl.pdf Graphic file (type pdf)
<use linearSolver_8c__incl.pdf>
Package pdftex.def Info: linearSolver_8c__incl.pdf  used on input line 27.
(pdftex.def)             Requested size: 350.0pt x 97.75877pt.
 [94] [95]
Underfull \hbox (badness 10000) detected at line 105
[][][]
 []


Underfull \hbox (badness 10000) detected at line 108
[][][]
 []

[96]
Underfull \hbox (badness 10000) detected at line 156
[][][]
 []


Overfull \vbox (68.80374pt too high) has occurred while \output is active []


[97]
Underfull \hbox (badness 10000) detected at line 215
[][][]
 []


Underfull \vbox (badness 10000) has occurred while \output is active []

 [98]
Underfull \hbox (badness 10000) detected at line 274
[][][]
 []

[99] [100] [101] [102]) (./linearSolver_8h.tex <./linearSolver_8h__incl.pdf

pdfTeX warning: pdflatex (file ./linearSolver_8h__incl.pdf): PDF inclusion: mul
tiple pdfs with page group included in a single page
>
<linearSolver_8h__incl.pdf, id=4892, 226.8475pt x 269.005pt>
File: linearSolver_8h__incl.pdf Graphic file (type pdf)
<use linearSolver_8h__incl.pdf>
Package pdftex.def Info: linearSolver_8h__incl.pdf  used on input line 10.
(pdftex.def)             Requested size: 226.0pt x 268.00278pt.
 [103] <./linearSolver_8h__dep__incl.pdf

pdfTeX warning: pdflatex (file ./linearSolver_8h__dep__incl.pdf): PDF inclusion
: multiple pdfs with page group included in a single page
>
<linearSolver_8h__dep__incl.pdf, id=4903, 603.25375pt x 156.585pt>
File: linearSolver_8h__dep__incl.pdf Graphic file (type pdf)
<use linearSolver_8h__dep__incl.pdf>
Package pdftex.def Info: linearSolver_8h__dep__incl.pdf  used on input line 17.

(pdftex.def)             Requested size: 350.0pt x 90.84802pt.
 [104]
Underfull \hbox (badness 10000) detected at line 69
[][][]
 []


Underfull \hbox (badness 10000) detected at line 72
[][][]
 []

[105]
Underfull \hbox (badness 10000) detected at line 130
[][][]
 []

[106] [107] [108]) (./main_8c.tex <./main_8c__incl.pdf

pdfTeX warning: pdflatex (file ./main_8c__incl.pdf): PDF inclusion: multiple pd
fs with page group included in a single page
>
<main_8c__incl.pdf, id=4985, 891.33pt x 325.215pt>
File: main_8c__incl.pdf Graphic file (type pdf)
<use main_8c__incl.pdf>
Package pdftex.def Info: main_8c__incl.pdf  used on input line 26.
(pdftex.def)             Requested size: 350.0pt x 127.70175pt.
 [109]
Underfull \hbox (badness 10000) detected at line 39
[][][]
 []


Underfull \hbox (badness 10000) detected at line 42
[][][]
 []

[110]
Underfull \hbox (badness 10000) detected at line 67
[][][]
 []

) (./main_8h.tex <./main_8h__dep__incl.pdf>
<main_8h__dep__incl.pdf, id=5012, 2217.28375pt x 325.215pt>
File: main_8h__dep__incl.pdf Graphic file (type pdf)
<use main_8h__dep__incl.pdf>
Package pdftex.def Info: main_8h__dep__incl.pdf  used on input line 12.
(pdftex.def)             Requested size: 350.0pt x 51.33575pt.
 [111] [112]
Underfull \hbox (badness 10000) detected at line 138
[][][]
 []


Underfull \hbox (badness 10000) detected at line 141
[][][]
 []


Overfull \vbox (18.71834pt too high) has occurred while \output is active []


[113] [114] [115]) (./memTools_8c.tex
Underfull \vbox (badness 10000) has occurred while \output is active []

 [116] <./memTools_8c__incl.pdf

pdfTeX warning: pdflatex (file ./memTools_8c__incl.pdf): PDF inclusion: multipl
e pdfs with page group included in a single page
>
<memTools_8c__incl.pdf, id=5186, 335.2525pt x 156.585pt>
File: memTools_8c__incl.pdf Graphic file (type pdf)
<use memTools_8c__incl.pdf>
Package pdftex.def Info: memTools_8c__incl.pdf  used on input line 16.
(pdftex.def)             Requested size: 334.0pt x 155.99922pt.

Underfull \hbox (badness 10000) detected at line 41
[][][]
 []


Underfull \hbox (badness 10000) detected at line 44
[][][]
 []


Underfull \hbox (badness 10000) detected at line 47
[][][]
 []

[117]
Underfull \hbox (badness 10000) detected at line 76
[][][]
 []

[118]
Underfull \hbox (badness 10000) detected at line 100
[][][]
 []


Underfull \hbox (badness 10000) detected at line 124
[][][]
 []


Underfull \hbox (badness 10000) detected at line 150
[][][]
 []

[119]
Underfull \hbox (badness 10000) detected at line 176
[][][]
 []


Underfull \hbox (badness 10000) detected at line 200
[][][]
 []

[120]
Underfull \hbox (badness 10000) detected at line 220
[][][]
 []

) (./memTools_8h.tex <./memTools_8h__incl.pdf

pdfTeX warning: pdflatex (file ./memTools_8h__incl.pdf): PDF inclusion: multipl
e pdfs with page group included in a single page
>
<memTools_8h__incl.pdf, id=5232, 188.705pt x 156.585pt>
File: memTools_8h__incl.pdf Graphic file (type pdf)
<use memTools_8h__incl.pdf>
Package pdftex.def Info: memTools_8h__incl.pdf  used on input line 8.
(pdftex.def)             Requested size: 188.0pt x 155.99922pt.
 <./memTools_8h__dep__incl.pdf

pdfTeX warning: pdflatex (file ./memTools_8h__dep__incl.pdf): PDF inclusion: mu
ltiple pdfs with page group included in a single page
>
<memTools_8h__dep__incl.pdf, id=5238, 828.09375pt x 156.585pt>
File: memTools_8h__dep__incl.pdf Graphic file (type pdf)
<use memTools_8h__dep__incl.pdf>
Package pdftex.def Info: memTools_8h__dep__incl.pdf  used on input line 15.
(pdftex.def)             Requested size: 350.0pt x 66.18336pt.
 [121]
Underfull \hbox (badness 10000) detected at line 38
[][][]
 []


Underfull \hbox (badness 10000) detected at line 41
[][][]
 []


Underfull \hbox (badness 10000) detected at line 64
[][][]
 []

[122]
Underfull \hbox (badness 10000) detected at line 88
[][][]
 []


Underfull \hbox (badness 10000) detected at line 112
[][][]
 []


Underfull \hbox (badness 10000) detected at line 138
[][][]
 []

[123]
Underfull \hbox (badness 10000) detected at line 164
[][][]
 []


Underfull \hbox (badness 10000) detected at line 188
[][][]
 []

[124]
Underfull \hbox (badness 10000) detected at line 208
[][][]
 []

) (./mesh_8c.tex <./mesh_8c__incl.pdf

pdfTeX warning: pdflatex (file ./mesh_8c__incl.pdf): PDF inclusion: multiple pd
fs with page group included in a single page
>
<mesh_8c__incl.pdf, id=5286, 999.735pt x 269.005pt>
File: mesh_8c__incl.pdf Graphic file (type pdf)
<use mesh_8c__incl.pdf>
Package pdftex.def Info: mesh_8c__incl.pdf  used on input line 26.
(pdftex.def)             Requested size: 350.0pt x 94.17778pt.
 [125] [126]
Underfull \hbox (badness 10000) detected at line 131
[][][]
 []


Underfull \hbox (badness 10000) detected at line 134
[][][]
 []


Underfull \hbox (badness 10000) detected at line 159
[][][]
 []

[127] [128] [129] [130]
Underfull \vbox (badness 10000) has occurred while \output is active []

 [131]
[132] [133]
Underfull \hbox (badness 862) in paragraph at lines 523--524
[]\T1/phv/m/n/10 Referenced by build[]Matrix(), calc[]Errors(), calc[]Source(),
 calc[]Time[]Step(), cgns[]Finalize[]Output(), cgns[]Output(),
 []


Underfull \hbox (badness 4505) in paragraph at lines 523--524
\T1/phv/m/n/10 cgns[]Read[]Solution(), cgns[]Write[]Mesh(), create[]Mesh(), csv
[]Output(), curve[]Output(), explicit[]Time[]Step[]Euler(),
 []

[134] [135] [136]) (./mesh_8h.tex <./mesh_8h__incl.pdf

pdfTeX warning: pdflatex (file ./mesh_8h__incl.pdf): PDF inclusion: multiple pd
fs with page group included in a single page
>
<mesh_8h__incl.pdf, id=5484, 208.78pt x 212.795pt>
File: mesh_8h__incl.pdf Graphic file (type pdf)
<use mesh_8h__incl.pdf>
Package pdftex.def Info: mesh_8h__incl.pdf  used on input line 14.
(pdftex.def)             Requested size: 208.0pt x 212.01193pt.
 [137] <./mesh_8h__dep__incl.pdf

pdfTeX warning: pdflatex (file ./mesh_8h__dep__incl.pdf): PDF inclusion: multip
le pdfs with page group included in a single page
>
<mesh_8h__dep__incl.pdf, id=5494, 1460.45625pt x 269.005pt>
File: mesh_8h__dep__incl.pdf Graphic file (type pdf)
<use mesh_8h__dep__incl.pdf>
Package pdftex.def Info: mesh_8h__dep__incl.pdf  used on input line 21.
(pdftex.def)             Requested size: 350.0pt x 64.464pt.
 [138]
Underfull \hbox (badness 10000) detected at line 110
[][][]
 []


Underfull \hbox (badness 10000) detected at line 113
[][][]
 []

[139] [140] [141]
Underfull \hbox (badness 862) in paragraph at lines 239--240
[]\T1/phv/m/n/10 Referenced by build[]Matrix(), calc[]Errors(), calc[]Source(),
 calc[]Time[]Step(), cgns[]Finalize[]Output(), cgns[]Output(),
 []


Underfull \hbox (badness 4505) in paragraph at lines 239--240
\T1/phv/m/n/10 cgns[]Read[]Solution(), cgns[]Write[]Mesh(), create[]Mesh(), csv
[]Output(), curve[]Output(), explicit[]Time[]Step[]Euler(),
 []

[142] [143] [144]) (./output_8c.tex <./output_8c__incl.pdf

pdfTeX warning: pdflatex (file ./output_8c__incl.pdf): PDF inclusion: multiple 
pdfs with page group included in a single page
>
<output_8c__incl.pdf, id=5636, 931.48pt x 325.215pt>
File: output_8c__incl.pdf Graphic file (type pdf)
<use output_8c__incl.pdf>
Package pdftex.def Info: output_8c__incl.pdf  used on input line 25.
(pdftex.def)             Requested size: 350.0pt x 122.19847pt.
 [145] [146]
Underfull \hbox (badness 10000) detected at line 77
[][][]
 []


Underfull \hbox (badness 10000) detected at line 80
[][][]
 []

[147]
Underfull \vbox (badness 10000) has occurred while \output is active []

 [148]
[149]) (./output_8h.tex <./output_8h__incl.pdf

pdfTeX warning: pdflatex (file ./output_8h__incl.pdf): PDF inclusion: multiple 
pdfs with page group included in a single page
>
<output_8h__incl.pdf, id=5716, 202.7575pt x 156.585pt>
File: output_8h__incl.pdf Graphic file (type pdf)
<use output_8h__incl.pdf>
Package pdftex.def Info: output_8h__incl.pdf  used on input line 14.
(pdftex.def)             Requested size: 202.0pt x 156.004pt.
 [150] <./output_8h__dep__incl.pdf

pdfTeX warning: pdflatex (file ./output_8h__dep__incl.pdf): PDF inclusion: mult
iple pdfs with page group included in a single page
>
<output_8h__dep__incl.pdf, id=5726, 653.44125pt x 156.585pt>
File: output_8h__dep__incl.pdf Graphic file (type pdf)
<use output_8h__dep__incl.pdf>
Package pdftex.def Info: output_8h__dep__incl.pdf  used on input line 21.
(pdftex.def)             Requested size: 350.0pt x 83.8689pt.
 [151]
Underfull \hbox (badness 10000) detected at line 70
[][][]
 []


Underfull \hbox (badness 10000) detected at line 73
[][][]
 []

[152] [153]) (./readInTools_8c.tex <./readInTools_8c__incl.pdf

pdfTeX warning: pdflatex (file ./readInTools_8c__incl.pdf): PDF inclusion: mult
iple pdfs with page group included in a single page
>
<readInTools_8c__incl.pdf, id=5787, 466.74374pt x 156.585pt>
File: readInTools_8c__incl.pdf Graphic file (type pdf)
<use readInTools_8c__incl.pdf>
Package pdftex.def Info: readInTools_8c__incl.pdf  used on input line 18.
(pdftex.def)             Requested size: 350.0pt x 117.42412pt.
 [154]
Underfull \hbox (badness 10000) detected at line 65
[][][]
 []


Underfull \hbox (badness 10000) detected at line 68
[][][]
 []

[155]
Underfull \hbox (badness 10000) detected at line 93
[][][]
 []

[156]
Underfull \hbox (badness 10000) detected at line 175
[][][]
 []

[157]
Underfull \hbox (badness 10000) detected at line 205
[][][]
 []


Underfull \hbox (badness 10000) detected at line 235
[][][]
 []

[158]
Underfull \hbox (badness 10000) detected at line 267
[][][]
 []


Underfull \hbox (badness 10000) detected at line 297
[][][]
 []

[159]
Underfull \hbox (badness 10000) detected at line 329
[][][]
 []


Underfull \hbox (badness 10000) detected at line 359
[][][]
 []

[160]) (./readInTools_8h.tex <./readInTools_8h__incl.pdf

pdfTeX warning: pdflatex (file ./readInTools_8h__incl.pdf): PDF inclusion: mult
iple pdfs with page group included in a single page
>
<readInTools_8h__incl.pdf, id=5872, 200.75pt x 156.585pt>
File: readInTools_8h__incl.pdf Graphic file (type pdf)
<use readInTools_8h__incl.pdf>
Package pdftex.def Info: readInTools_8h__incl.pdf  used on input line 9.
(pdftex.def)             Requested size: 200.0pt x 156.01117pt.
 <./readInTools_8h__dep__incl.pdf

pdfTeX warning: pdflatex (file ./readInTools_8h__dep__incl.pdf): PDF inclusion:
 multiple pdfs with page group included in a single page
>
<readInTools_8h__dep__incl.pdf, id=5878, 1306.8825pt x 156.585pt>
File: readInTools_8h__dep__incl.pdf Graphic file (type pdf)
<use readInTools_8h__dep__incl.pdf>
Package pdftex.def Info: readInTools_8h__dep__incl.pdf  used on input line 16.
(pdftex.def)             Requested size: 350.0pt x 41.93445pt.
 [161]
Underfull \hbox (badness 10000) detected at line 44
[][][]
 []


Underfull \hbox (badness 10000) detected at line 47
[][][]
 []


Underfull \hbox (badness 10000) detected at line 72
[][][]
 []

[162]
Underfull \hbox (badness 10000) detected at line 127
[][][]
 []

[163]
Underfull \hbox (badness 10000) detected at line 157
[][][]
 []


Underfull \hbox (badness 10000) detected at line 189
[][][]
 []

[164]
Underfull \hbox (badness 10000) detected at line 219
[][][]
 []


Underfull \hbox (badness 10000) detected at line 251
[][][]
 []

[165]
Underfull \hbox (badness 10000) detected at line 281
[][][]
 []

) (./reconstruction_8c.tex <./reconstruction_8c__incl.pdf

pdfTeX warning: pdflatex (file ./reconstruction_8c__incl.pdf): PDF inclusion: m
ultiple pdfs with page group included in a single page
>
<reconstruction_8c__incl.pdf, id=5944, 442.65375pt x 269.005pt>
File: reconstruction_8c__incl.pdf Graphic file (type pdf)
<use reconstruction_8c__incl.pdf>
Package pdftex.def Info: reconstruction_8c__incl.pdf  used on input line 17.
(pdftex.def)             Requested size: 350.0pt x 212.70863pt.
 [166]
Underfull \hbox (badness 10000) detected at line 41
[][][]
 []


Underfull \hbox (badness 10000) detected at line 44
[][][]
 []


Underfull \hbox (badness 10000) detected at line 60
[][][]
 []

[167]
Underfull \hbox (badness 10000) detected at line 86
[][][]
 []

[168]) (./reconstruction_8h.tex <./reconstruction_8h__dep__incl.pdf

pdfTeX warning: pdflatex (file ./reconstruction_8h__dep__incl.pdf): PDF inclusi
on: multiple pdfs with page group included in a single page
>
<reconstruction_8h__dep__incl.pdf, id=5992, 455.7025pt x 156.585pt>
File: reconstruction_8h__dep__incl.pdf Graphic file (type pdf)
<use reconstruction_8h__dep__incl.pdf>
Package pdftex.def Info: reconstruction_8h__dep__incl.pdf  used on input line 7
.
(pdftex.def)             Requested size: 350.0pt x 120.26736pt.

Underfull \hbox (badness 10000) detected at line 25
[][][]
 []


Underfull \hbox (badness 10000) detected at line 28
[][][]
 []

[169]) (./source_8c.tex <./source_8c__incl.pdf>
<source_8c__incl.pdf, id=6020, 369.38pt x 269.005pt>
File: source_8c__incl.pdf Graphic file (type pdf)
<use source_8c__incl.pdf>
Package pdftex.def Info: source_8c__incl.pdf  used on input line 16.
(pdftex.def)             Requested size: 350.0pt x 254.89244pt.
 [170]
Underfull \hbox (badness 10000) detected at line 31
[][][]
 []


Underfull \hbox (badness 10000) detected at line 34
[][][]
 []

[171]) (./source_8h.tex <./source_8h__dep__incl.pdf>
<source_8h__dep__incl.pdf, id=6044, 196.735pt x 156.585pt>
File: source_8h__dep__incl.pdf Graphic file (type pdf)
<use source_8h__dep__incl.pdf>
Package pdftex.def Info: source_8h__dep__incl.pdf  used on input line 7.
(pdftex.def)             Requested size: 196.0pt x 155.99922pt.

Underfull \vbox (badness 10000) has occurred while \output is active []

 [172]
Underfull \hbox (badness 10000) detected at line 18
[][][]
 []


Underfull \hbox (badness 10000) detected at line 21
[][][]
 []


Underfull \vbox (badness 10000) has occurred while \output is active []

 [173])
(./timeDiscretization_8c.tex <./timeDiscretization_8c__incl.pdf>
<timeDiscretization_8c__incl.pdf, id=6074, 1263.72125pt x 325.215pt>
File: timeDiscretization_8c__incl.pdf Graphic file (type pdf)
<use timeDiscretization_8c__incl.pdf>
Package pdftex.def Info: timeDiscretization_8c__incl.pdf  used on input line 29
.
(pdftex.def)             Requested size: 350.0pt x 90.07205pt.
 [174]
Underfull \hbox (badness 10000) detected at line 114
[][][]
 []


Underfull \hbox (badness 10000) detected at line 117
[][][]
 []

[175]
Underfull \vbox (badness 10000) has occurred while \output is active []

 [176]
[177] [178] [179] [180] [181] [182]) (./timeDiscretization_8h.tex <./timeDiscre
tization_8h__incl.pdf

pdfTeX warning: pdflatex (file ./timeDiscretization_8h__incl.pdf): PDF inclusio
n: multiple pdfs with page group included in a single page
>
<timeDiscretization_8h__incl.pdf, id=6206, 222.8325pt x 156.585pt>
File: timeDiscretization_8h__incl.pdf Graphic file (type pdf)
<use timeDiscretization_8h__incl.pdf>
Package pdftex.def Info: timeDiscretization_8h__incl.pdf  used on input line 9.

(pdftex.def)             Requested size: 222.0pt x 156.00162pt.
 <./timeDiscretization_8h__dep__incl.pdf

pdfTeX warning: pdflatex (file ./timeDiscretization_8h__dep__incl.pdf): PDF inc
lusion: multiple pdfs with page group included in a single page
>
<timeDiscretization_8h__dep__incl.pdf, id=6212, 1065.9825pt x 156.585pt>
File: timeDiscretization_8h__dep__incl.pdf Graphic file (type pdf)
<use timeDiscretization_8h__dep__incl.pdf>
Package pdftex.def Info: timeDiscretization_8h__dep__incl.pdf  used on input li
ne 16.
(pdftex.def)             Requested size: 350.0pt x 51.41277pt.
 [183] [184]
Underfull \hbox (badness 10000) detected at line 89
[][][]
 []


Underfull \hbox (badness 10000) detected at line 92
[][][]
 []

[185] [186] [187] [188] [189]) [190] (./refman.ind [191



] [192] [193] [194]
[195] [196] [197] [198] [199] [200] [201] [202])

LaTeX3 Info: Redefining command \BeforeClosingMainAux with sig. 'm' on line
(LaTeX3)     248.

 (./refman.aux)
Package rerunfilecheck Info: File `refman.out' has not changed.
(rerunfilecheck)             Checksum: 5F660758D109556381142A6C6A66DB74;112200.

 ) 
Here is how much of TeX's memory you used:
 22003 strings out of 479383
 385409 string characters out of 5875831
 815226 words of memory out of 5000000
 36957 multiletter control sequences out of 15000+600000
 462933 words of font info for 99 fonts, out of 8000000 for 9000
 1141 hyphenation exceptions out of 8191
 107i,16n,115p,1262b,684s stack positions out of 5000i,500n,10000p,200000b,80000s
pdfTeX warning (dest): name{usage} has been referenced but does not exist, re
placed by a fixed one

{/usr/share/texmf-dist/fonts/enc/dvips/base/8r.enc}</usr/share/texmf-dist/fonts
/type1/public/amsfonts/cm/cmmi10.pfb></usr/share/texmf-dist/fonts/type1/public/
amsfonts/cm/cmmi7.pfb></usr/share/texmf-dist/fonts/type1/public/amsfonts/cm/cms
y10.pfb></usr/share/texmf-dist/fonts/type1/public/amsfonts/cm/cmsy7.pfb></usr/s
hare/texmf-dist/fonts/type1/public/amsfonts/cm/cmsy8.pfb></usr/share/texmf-dist
/fonts/type1/urw/courier/ucrr8a.pfb></usr/share/texmf-dist/fonts/type1/urw/cour
ier/ucrro8a.pfb></usr/share/texmf-dist/fonts/type1/urw/helvetic/uhvb8a.pfb></us
r/share/texmf-dist/fonts/type1/urw/helvetic/uhvb8ac.pfb></usr/share/texmf-dist/
fonts/type1/urw/helvetic/uhvr8a.pfb></usr/share/texmf-dist/fonts/type1/urw/helv
etic/uhvro8a.pfb></usr/share/texmf-dist/fonts/type1/public/nimbus15/zhv-Reg.pfb
>
Output written on refman.pdf (220 pages, 875423 bytes).
PDF statistics:
 7793 PDF objects out of 8907 (max. 8388607)
 7289 compressed objects within 73 object streams
 1658 named destinations out of 1728 (max. 500000)
 5223 words of extra memory for PDF output out of 10000 (max. 10000000)

